Build started 2012-05-16 10:42:54.
     1>Project "D:\Moje dokumenty\Programowanie\C++\zad10_2\zad10_2.vcxproj" on node 2 (build target(s)).
     1>InitializeBuildStatus:
         Creating "Debug\zad10_2.unsuccessfulbuild" because "AlwaysCreate" was specified.
       ClCompile:
         C:\Program Files (x86)\Microsoft Visual Studio 10.0\VC\bin\CL.exe /c /ZI /nologo /W3 /WX- /Od /Oy- /D WIN32 /D _DEBUG /D _CONSOLE /D _UNICODE /D UNICODE /Gm /EHsc /RTC1 /MDd /GS /fp:precise /Zc:wchar_t /Zc:forScope /Fo"Debug\\" /Fd"Debug\vc100.pdb" /Gd /TP /analyze- /errorReport:prompt main.cpp
         main.cpp
     1>d:\moje dokumenty\programowanie\c++\zad10_2\plikwejsciowy.h(11): warning C4290: C++ exception specification ignored except to indicate a function is not __declspec(nothrow)
     1>d:\moje dokumenty\programowanie\c++\zad10_2\plikwejsciowy.h(16): warning C4290: C++ exception specification ignored except to indicate a function is not __declspec(nothrow)
     1>d:\moje dokumenty\programowanie\c++\zad10_2\plikwejsciowy.h(17): warning C4290: C++ exception specification ignored except to indicate a function is not __declspec(nothrow)
     1>d:\moje dokumenty\programowanie\c++\zad10_2\plikwejsciowy.h(18): warning C4290: C++ exception specification ignored except to indicate a function is not __declspec(nothrow)
     1>d:\moje dokumenty\programowanie\c++\zad10_2\plikwejsciowy.h(19): warning C4290: C++ exception specification ignored except to indicate a function is not __declspec(nothrow)
     1>d:\moje dokumenty\programowanie\c++\zad10_2\plikwyjsciowy.h(11): warning C4290: C++ exception specification ignored except to indicate a function is not __declspec(nothrow)
     1>d:\moje dokumenty\programowanie\c++\zad10_2\plikwyjsciowy.h(16): warning C4290: C++ exception specification ignored except to indicate a function is not __declspec(nothrow)
     1>d:\moje dokumenty\programowanie\c++\zad10_2\plikwyjsciowy.h(17): warning C4290: C++ exception specification ignored except to indicate a function is not __declspec(nothrow)
     1>d:\moje dokumenty\programowanie\c++\zad10_2\plikwyjsciowy.h(18): warning C4290: C++ exception specification ignored except to indicate a function is not __declspec(nothrow)
     1>d:\moje dokumenty\programowanie\c++\zad10_2\plikwyjsciowy.h(19): warning C4290: C++ exception specification ignored except to indicate a function is not __declspec(nothrow)
       ManifestResourceCompile:
         All outputs are up-to-date.
       Link:
         C:\Program Files (x86)\Microsoft Visual Studio 10.0\VC\bin\link.exe /ERRORREPORT:PROMPT /OUT:"D:\Moje dokumenty\Programowanie\C++\zad10_2\Debug\zad10_2.exe" /INCREMENTAL /NOLOGO kernel32.lib user32.lib gdi32.lib winspool.lib comdlg32.lib advapi32.lib shell32.lib ole32.lib oleaut32.lib uuid.lib odbc32.lib odbccp32.lib /MANIFEST /ManifestFile:"Debug\zad10_2.exe.intermediate.manifest" /MANIFESTUAC:"level='asInvoker' uiAccess='false'" /DEBUG /PDB:"D:\Moje dokumenty\Programowanie\C++\zad10_2\Debug\zad10_2.pdb" /SUBSYSTEM:CONSOLE /TLBID:1 /DYNAMICBASE /NXCOMPAT /IMPLIB:"D:\Moje dokumenty\Programowanie\C++\zad10_2\Debug\zad10_2.lib" /MACHINE:X86 Debug\zad10_2.exe.embed.manifest.res
         Debug\main.obj
         Debug\plikWejsciowy.obj
         Debug\plikWyjsciowy.obj
       Manifest:
         C:\Program Files (x86)\Microsoft SDKs\Windows\v7.0A\bin\mt.exe /nologo /verbose /out:"Debug\zad10_2.exe.embed.manifest" /manifest Debug\zad10_2.exe.intermediate.manifest
         All outputs are up-to-date.
       LinkEmbedManifest:
         All outputs are up-to-date.
         zad10_2.vcxproj -> D:\Moje dokumenty\Programowanie\C++\zad10_2\Debug\zad10_2.exe
       FinalizeBuildStatus:
         Deleting file "Debug\zad10_2.unsuccessfulbuild".
         Touching "Debug\zad10_2.lastbuildstate".
     1>Done Building Project "D:\Moje dokumenty\Programowanie\C++\zad10_2\zad10_2.vcxproj" (build target(s)).

Build succeeded.

Time Elapsed 00:00:00.80
